<?xml version="1.0" encoding="UTF-8"?>
<testsuite name="agh.ics.oop.AbstractWorldTest" tests="1" skipped="0" failures="0" errors="0" timestamp="2022-12-07T16:41:57" hostname="DESKTOP-SQJCSFB" time="0.084">
  <properties/>
  <testcase name="testPlaceException()" classname="agh.ics.oop.AbstractWorldTest" time="0.084"/>
  <system-out><![CDATA[]]></system-out>
  <system-err><![CDATA[]]></system-err>
</testsuite>
