<?xml version="1.0" encoding="UTF-8"?>
<testsuite name="agh.ics.oop.RectangularMapTest" tests="1" skipped="0" failures="0" errors="0" timestamp="2022-11-08T22:19:42" hostname="DESKTOP-SQJCSFB" time="0.057">
  <properties/>
  <testcase name="ifAnimalsMovesCorrect()" classname="agh.ics.oop.RectangularMapTest" time="0.057"/>
  <system-out><![CDATA[]]></system-out>
  <system-err><![CDATA[]]></system-err>
</testsuite>
