<?xml version="1.0" encoding="UTF-8"?>
<testsuite name="agh.ics.oop.Vector2dTest" tests="1" skipped="0" failures="0" errors="0" timestamp="2022-10-18T12:54:30" hostname="DESKTOP-SQJCSFB" time="0.02">
  <properties/>
  <testcase name="testForEquals()" classname="agh.ics.oop.Vector2dTest" time="0.02"/>
  <system-out><![CDATA[]]></system-out>
  <system-err><![CDATA[]]></system-err>
</testsuite>
