<?xml version="1.0" encoding="UTF-8"?>
<testsuite name="agh.ics.oop.RectangularMapTest" tests="2" skipped="0" failures="0" errors="0" timestamp="2022-11-20T20:14:17" hostname="DESKTOP-SQJCSFB" time="0.043">
  <properties/>
  <testcase name="testAnimalsAtTheSamePlace()" classname="agh.ics.oop.RectangularMapTest" time="0.036"/>
  <testcase name="ifAnimalsMovesCorrect()" classname="agh.ics.oop.RectangularMapTest" time="0.005"/>
  <system-out><![CDATA[]]></system-out>
  <system-err><![CDATA[]]></system-err>
</testsuite>
